Using pre-set license
Built from '2022.3/staging' branch; Version is '2022.3.9f1 (ea401c316338) revision 15351836'; Using compiler version '192829333'; Build Type 'Release'
OS: 'Windows 10  (10.0.19045) 64bit Professional' Language: 'pt' Physical Memory: 16294 MB
BatchMode: 1, IsHumanControllingUs: 0, StartBugReporterOnCrash: 0, Is64bit: 1, IsPro: 1

COMMAND LINE ARGUMENTS:
C:\Program Files\Unity\Hub\Editor\2022.3.9f1\Editor\Unity.exe
-adb2
-batchMode
-noUpm
-name
AssetImportWorker2
-projectPath
C:/Users/bruno/OneDrive/Ãrea de Trabalho/2TJDR-ScriptableProject
-logFile
Logs/AssetImportWorker2.log
-srvPort
59252
Successfully changed project path to: C:/Users/bruno/OneDrive/Ãrea de Trabalho/2TJDR-ScriptableProject
C:/Users/bruno/OneDrive/Ãrea de Trabalho/2TJDR-ScriptableProject
[UnityMemory] Configuration Parameters - Can be set up in boot.config
    "memorysetup-bucket-allocator-granularity=16"
    "memorysetup-bucket-allocator-bucket-count=8"
    "memorysetup-bucket-allocator-block-size=33554432"
    "memorysetup-bucket-allocator-block-count=8"
    "memorysetup-main-allocator-block-size=16777216"
    "memorysetup-thread-allocator-block-size=16777216"
    "memorysetup-gfx-main-allocator-block-size=16777216"
    "memorysetup-gfx-thread-allocator-block-size=16777216"
    "memorysetup-cache-allocator-block-size=4194304"
    "memorysetup-typetree-allocator-block-size=2097152"
    "memorysetup-profiler-bucket-allocator-granularity=16"
    "memorysetup-profiler-bucket-allocator-bucket-count=8"
    "memorysetup-profiler-bucket-allocator-block-size=33554432"
    "memorysetup-profiler-bucket-allocator-block-count=8"
    "memorysetup-profiler-allocator-block-size=16777216"
    "memorysetup-profiler-editor-allocator-block-size=1048576"
    "memorysetup-temp-allocator-size-main=16777216"
    "memorysetup-job-temp-allocator-block-size=2097152"
    "memorysetup-job-temp-allocator-block-size-background=1048576"
    "memorysetup-job-temp-allocator-reduction-small-platforms=262144"
    "memorysetup-allocator-temp-initial-block-size-main=262144"
    "memorysetup-allocator-temp-initial-block-size-worker=262144"
    "memorysetup-temp-allocator-size-background-worker=32768"
    "memorysetup-temp-allocator-size-job-worker=262144"
    "memorysetup-temp-allocator-size-preload-manager=33554432"
    "memorysetup-temp-allocator-size-nav-mesh-worker=65536"
    "memorysetup-temp-allocator-size-audio-worker=65536"
    "memorysetup-temp-allocator-size-cloud-worker=32768"
    "memorysetup-temp-allocator-size-gi-baking-worker=262144"
    "memorysetup-temp-allocator-size-gfx=262144"
Player connection [21352] Host "[IP] 192.168.0.102 [Port] 0 [Flags] 2 [Guid] 1235967419 [EditorId] 1235967419 [Version] 1048832 [Id] WindowsEditor(7,DESKTOP-VPNLO9R) [Debug] 1 [PackageName] WindowsEditor [ProjectName] Editor" joined multi-casting on [225.0.0.222:54997]...

Player connection [21352] Host "[IP] 192.168.0.102 [Port] 0 [Flags] 2 [Guid] 1235967419 [EditorId] 1235967419 [Version] 1048832 [Id] WindowsEditor(7,DESKTOP-VPNLO9R) [Debug] 1 [PackageName] WindowsEditor [ProjectName] Editor" joined alternative multi-casting on [225.0.0.222:34997]...

[Physics::Module] Initialized MultithreadedJobDispatcher with 15 workers.
Refreshing native plugins compatible for Editor in 9.58 ms, found 6 plugins.
Preloading 0 native plugins for Editor in 0.00 ms.
Initialize engine version: 2022.3.9f1 (ea401c316338)
[Subsystems] Discovering subsystems at path C:/Program Files/Unity/Hub/Editor/2022.3.9f1/Editor/Data/Resources/UnitySubsystems
[Subsystems] Discovering subsystems at path C:/Users/bruno/OneDrive/Ãrea de Trabalho/2TJDR-ScriptableProject/Assets
GfxDevice: creating device client; threaded=0; jobified=0
Direct3D:
    Version:  Direct3D 11.0 [level 11.1]
    Renderer: NVIDIA GeForce GTX 1650 (ID=0x1f82)
    Vendor:   NVIDIA
    VRAM:     3949 MB
    Driver:   31.0.15.3623
Initialize mono
Mono path[0] = 'C:/Program Files/Unity/Hub/Editor/2022.3.9f1/Editor/Data/Managed'
Mono path[1] = 'C:/Program Files/Unity/Hub/Editor/2022.3.9f1/Editor/Data/MonoBleedingEdge/lib/mono/unityjit-win32'
Mono config path = 'C:/Program Files/Unity/Hub/Editor/2022.3.9f1/Editor/Data/MonoBleedingEdge/etc'
Using monoOptions --debugger-agent=transport=dt_socket,embedding=1,server=y,suspend=n,address=127.0.0.1:56524
Begin MonoManager ReloadAssembly
Registering precompiled unity dll's ...
Register platform support module: C:/Program Files/Unity/Hub/Editor/2022.3.9f1/Editor/Data/PlaybackEngines/WindowsStandaloneSupport/UnityEditor.WindowsStandalone.Extensions.dll
Registered in 0.008871 seconds.
- Loaded All Assemblies, in  0.309 seconds
Native extension for WindowsStandalone target not found
Mono: successfully reloaded assembly
- Finished resetting the current domain, in  0.216 seconds
Domain Reload Profiling: 522ms
	BeginReloadAssembly (99ms)
		ExecutionOrderSort (0ms)
		DisableScriptedObjects (0ms)
		BackupInstance (0ms)
		ReleaseScriptingObjects (0ms)
		CreateAndSetChildDomain (1ms)
	RebuildCommonClasses (30ms)
	RebuildNativeTypeToScriptingClass (9ms)
	initialDomainReloadingComplete (53ms)
	LoadAllAssembliesAndSetupDomain (115ms)
		LoadAssemblies (96ms)
		RebuildTransferFunctionScriptingTraits (0ms)
		AnalyzeDomain (114ms)
			TypeCache.Refresh (113ms)
				TypeCache.ScanAssembly (101ms)
			ScanForSourceGeneratedMonoScriptInfo (0ms)
			ResolveRequiredComponents (0ms)
	FinalizeReload (216ms)
		ReleaseScriptCaches (0ms)
		RebuildScriptCaches (0ms)
		SetupLoadedEditorAssemblies (167ms)
			LogAssemblyErrors (0ms)
			InitializePlatformSupportModulesInManaged (9ms)
			SetLoadedEditorAssemblies (6ms)
			RefreshPlugins (0ms)
			BeforeProcessingInitializeOnLoad (2ms)
			ProcessInitializeOnLoadAttributes (110ms)
			ProcessInitializeOnLoadMethodAttributes (40ms)
			AfterProcessingInitializeOnLoad (0ms)
			EditorAssembliesLoaded (0ms)
		ExecutionOrderSort2 (0ms)
		AwakeInstancesAfterBackupRestoration (0ms)
========================================================================
Worker process is ready to serve import requests
Begin MonoManager ReloadAssembly
- Loaded All Assemblies, in  0.572 seconds
Refreshing native plugins compatible for Editor in 4.67 ms, found 6 plugins.
Native extension for WindowsStandalone target not found
Package Manager log level set to [2]
[Package Manager] Server::EnsureServerProcessIsRunning -- launch failed, reason: Unity was launched with the -noUpm command-line argument
[Package Manager] UpmClient::Send -- Unable to send message (not connected to UPM process).
[Package Manager] Cannot connect to Unity Package Manager local server
Mono: successfully reloaded assembly
- Finished resetting the current domain, in  0.496 seconds
Domain Reload Profiling: 1064ms
	BeginReloadAssembly (133ms)
		ExecutionOrderSort (0ms)
		DisableScriptedObjects (5ms)
		BackupInstance (0ms)
		ReleaseScriptingObjects (0ms)
		CreateAndSetChildDomain (17ms)
	RebuildCommonClasses (28ms)
	RebuildNativeTypeToScriptingClass (9ms)
	initialDomainReloadingComplete (38ms)
	LoadAllAssembliesAndSetupDomain (359ms)
		LoadAssemblies (275ms)
		RebuildTransferFunctionScriptingTraits (0ms)
		AnalyzeDomain (163ms)
			TypeCache.Refresh (143ms)
				TypeCache.ScanAssembly (128ms)
			ScanForSourceGeneratedMonoScriptInfo (14ms)
			ResolveRequiredComponents (4ms)
	FinalizeReload (497ms)
		ReleaseScriptCaches (0ms)
		RebuildScriptCaches (0ms)
		SetupLoadedEditorAssemblies (368ms)
			LogAssemblyErrors (0ms)
			InitializePlatformSupportModulesInManaged (6ms)
			SetLoadedEditorAssemblies (4ms)
			RefreshPlugins (0ms)
			BeforeProcessingInitializeOnLoad (61ms)
			ProcessInitializeOnLoadAttributes (272ms)
			ProcessInitializeOnLoadMethodAttributes (16ms)
			AfterProcessingInitializeOnLoad (9ms)
			EditorAssembliesLoaded (0ms)
		ExecutionOrderSort2 (0ms)
		AwakeInstancesAfterBackupRestoration (5ms)
Launched and connected shader compiler UnityShaderCompiler.exe after 0.07 seconds
Refreshing native plugins compatible for Editor in 4.71 ms, found 6 plugins.
Preloading 0 native plugins for Editor in 0.00 ms.
Unloading 3560 Unused Serialized files (Serialized files now loaded: 0)
Unloading 62 unused Assets / (1.4 MB). Loaded Objects now: 4004.
Memory consumption went from 141.7 MB to 140.4 MB.
Total: 3.218000 ms (FindLiveObjects: 0.259400 ms CreateObjectMapping: 0.239300 ms MarkObjects: 2.433600 ms  DeleteObjects: 0.284900 ms)

AssetImportParameters requested are different than current active one (requested -> active):
  custom:container-demuxer-ogg: 62fdf1f143b41e24485cea50d1cbac27 -> 
  custom:video-decoder-ogg-theora: a1e56fd34408186e4bbccfd4996cb3dc -> 
  custom:framework-win-MediaFoundation: 216162199b28c13a410421893ffa2e32 -> 
  custom:CustomObjectIndexerAttribute: 756ad292c208cfabdd7b50bc23989ffe -> 
  custom:container-demuxer-webm: 4f35f7cbe854078d1ac9338744f61a02 -> 
  custom:container-muxer-webm: aa71ff27fc2769a1b78a27578f13a17b -> 
  custom:video-decoder-webm-vp8: 9c59270c3fd7afecdb556c50c9e8de78 -> 
  custom:SearchIndexIgnoredProperties: e643bd26f0fe6173181afceb89e7c659 -> 
  custom:AudioImporter_EditorPlatform: d09bf68614088b80899f8185d706f6e7 -> 
  custom:video-encoder-webm-vp8: eb34c28f22e8b96e1ab97ce403110664 -> 
  custom:audio-decoder-ogg-vorbis: bf7c407c2cedff20999df2af8eb42d56 -> 
  custom:audio-encoder-webm-vorbis: bf7c407c2cedff20999df2af8eb42d56 -> 
========================================================================
Received Import Request.
  Time since last request: 552672.123258 seconds.
  path: Assets/_external/Props/broad-sword/textures
  artifactKey: Guid(f9389f7cccca29d4183692169dc39b98) Importer(815301076,1909f56bfc062723c751e8b465ee728b)
Start importing Assets/_external/Props/broad-sword/textures using Guid(f9389f7cccca29d4183692169dc39b98) Importer(815301076,1909f56bfc062723c751e8b465ee728b)  -> (artifact id: '39872cbd4f440f9e6efedbbbd79ec569') in 0.002608 seconds
Number of updated asset objects reloaded before import = 0
Number of asset objects unloaded after import = 0
========================================================================
Received Import Request.
  Time since last request: 0.095356 seconds.
  path: Assets/_external/Props/broad-sword/textures/BroadSword_BaseColor.png
  artifactKey: Guid(4514f0c1c98fa444fb67f458adb5beb7) Importer(815301076,1909f56bfc062723c751e8b465ee728b)
Start importing Assets/_external/Props/broad-sword/textures/BroadSword_BaseColor.png using Guid(4514f0c1c98fa444fb67f458adb5beb7) Importer(815301076,1909f56bfc062723c751e8b465ee728b)  -> (artifact id: '06930b4ed50bc36c18827c8a9f50756d') in 0.068918 seconds
Number of updated asset objects reloaded before import = 0
Number of asset objects unloaded after import = 2
========================================================================
Received Import Request.
  Time since last request: 13.475851 seconds.
  path: Assets/_external/uploads_files_2477238_Golden+Metal+Armor+fbx.fbx
  artifactKey: Guid(9ceca9cf9b78f5844aa7987c42a07b98) Importer(815301076,1909f56bfc062723c751e8b465ee728b)
Start importing Assets/_external/uploads_files_2477238_Golden+Metal+Armor+fbx.fbx using Guid(9ceca9cf9b78f5844aa7987c42a07b98) Importer(815301076,1909f56bfc062723c751e8b465ee728b)  -> (artifact id: 'deb8beeeeaab1401e72a380ef296ca34') in 0.099511 seconds
Number of updated asset objects reloaded before import = 0
Number of asset objects unloaded after import = 13
========================================================================
Received Import Request.
  Time since last request: 5.608115 seconds.
  path: Assets/_external/Mighty Heroes (Rogue) 2D Fantasy Characters Pack
  artifactKey: Guid(71cc21017e337cf4e85825710379299f) Importer(815301076,1909f56bfc062723c751e8b465ee728b)
Start importing Assets/_external/Mighty Heroes (Rogue) 2D Fantasy Characters Pack using Guid(71cc21017e337cf4e85825710379299f) Importer(815301076,1909f56bfc062723c751e8b465ee728b)  -> (artifact id: '922f9b6356be87b0eee58d99adc0d82d') in 0.000474 seconds
Number of updated asset objects reloaded before import = 0
Number of asset objects unloaded after import = 0
========================================================================
Received Import Request.
  Time since last request: 140.262532 seconds.
  path: Assets/_external/Mighty Heroes (Rogue) 2D Fantasy Characters Pack/Amor
  artifactKey: Guid(90b94011d17e6eb46a26616c638c7894) Importer(815301076,1909f56bfc062723c751e8b465ee728b)
Start importing Assets/_external/Mighty Heroes (Rogue) 2D Fantasy Characters Pack/Amor using Guid(90b94011d17e6eb46a26616c638c7894) Importer(815301076,1909f56bfc062723c751e8b465ee728b)  -> (artifact id: '2271555dcf3be43b57e24549f0f86c47') in 0.000973 seconds
Number of updated asset objects reloaded before import = 0
Number of asset objects unloaded after import = 0
========================================================================
Received Import Request.
  Time since last request: 10.760452 seconds.
  path: Assets/_external/Mighty Heroes (Rogue) 2D Fantasy Characters Pack/Armor
  artifactKey: Guid(0c0c66f2af1a7d84caa030930d3da55b) Importer(815301076,1909f56bfc062723c751e8b465ee728b)
Start importing Assets/_external/Mighty Heroes (Rogue) 2D Fantasy Characters Pack/Armor using Guid(0c0c66f2af1a7d84caa030930d3da55b) Importer(815301076,1909f56bfc062723c751e8b465ee728b)  -> (artifact id: 'aab63676169646c753f613beef9d2ced') in 0.000407 seconds
Number of updated asset objects reloaded before import = 0
Number of asset objects unloaded after import = 0
========================================================================
Received Import Request.
  Time since last request: 28.395369 seconds.
  path: Assets/_external/Mighty Heroes (Rogue) 2D Fantasy Characters Pack/Armor/uploads_files_2477238_Golden+Metal+Armor+fbx.fbx
  artifactKey: Guid(54b8a086f2668ea4e8c3c43220f20013) Importer(815301076,1909f56bfc062723c751e8b465ee728b)
Start importing Assets/_external/Mighty Heroes (Rogue) 2D Fantasy Characters Pack/Armor/uploads_files_2477238_Golden+Metal+Armor+fbx.fbx using Guid(54b8a086f2668ea4e8c3c43220f20013) Importer(815301076,1909f56bfc062723c751e8b465ee728b)  -> (artifact id: '4786e288e3dbb13ee8893f761d4ad802') in 0.036183 seconds
Number of updated asset objects reloaded before import = 0
Number of asset objects unloaded after import = 13
========================================================================
Received Import Request.
  Time since last request: 34.347473 seconds.
  path: Assets/_external/Mighty Heroes (Rogue) 2D Fantasy Characters Pack/Armor/uploads_files_2477238_4k+textures.rar
  artifactKey: Guid(f14879293bbeb9f4db8405f9fe669bf4) Importer(815301076,1909f56bfc062723c751e8b465ee728b)
Start importing Assets/_external/Mighty Heroes (Rogue) 2D Fantasy Characters Pack/Armor/uploads_files_2477238_4k+textures.rar using Guid(f14879293bbeb9f4db8405f9fe669bf4) Importer(815301076,1909f56bfc062723c751e8b465ee728b)  -> (artifact id: '1c608de05c456db47596fa87abb128c8') in 0.000871 seconds
Number of updated asset objects reloaded before import = 0
Number of asset objects unloaded after import = 1
========================================================================
Received Import Request.
  Time since last request: 35.117617 seconds.
  path: Assets/_external/Mighty Heroes (Rogue) 2D Fantasy Characters Pack/Armor/AO.jpg
  artifactKey: Guid(8cc9c53fd21fc774784680b1876bf9be) Importer(815301076,1909f56bfc062723c751e8b465ee728b)
Start importing Assets/_external/Mighty Heroes (Rogue) 2D Fantasy Characters Pack/Armor/AO.jpg using Guid(8cc9c53fd21fc774784680b1876bf9be) Importer(815301076,1909f56bfc062723c751e8b465ee728b)  -> (artifact id: '2fd7e4ef93b84c356973d9a81f1d113e') in 0.027360 seconds
Number of updated asset objects reloaded before import = 0
Number of asset objects unloaded after import = 2
========================================================================
Received Import Request.
  Time since last request: 0.000020 seconds.
  path: Assets/_external/Mighty Heroes (Rogue) 2D Fantasy Characters Pack/Armor/Height.jpg
  artifactKey: Guid(bf5be12f4400c0a49a44b51470aa1238) Importer(815301076,1909f56bfc062723c751e8b465ee728b)
Start importing Assets/_external/Mighty Heroes (Rogue) 2D Fantasy Characters Pack/Armor/Height.jpg using Guid(bf5be12f4400c0a49a44b51470aa1238) Importer(815301076,1909f56bfc062723c751e8b465ee728b)  -> (artifact id: '84f2a68692863bd4b63ff17706aca165') in 0.028368 seconds
Number of updated asset objects reloaded before import = 0
Number of asset objects unloaded after import = 2
========================================================================
Received Import Request.
  Time since last request: 0.000020 seconds.
  path: Assets/_external/Mighty Heroes (Rogue) 2D Fantasy Characters Pack/Armor/Normals.jpg
  artifactKey: Guid(fd43e909e64a33848b1d56c85e47c5c6) Importer(815301076,1909f56bfc062723c751e8b465ee728b)
Start importing Assets/_external/Mighty Heroes (Rogue) 2D Fantasy Characters Pack/Armor/Normals.jpg using Guid(fd43e909e64a33848b1d56c85e47c5c6) Importer(815301076,1909f56bfc062723c751e8b465ee728b)  -> (artifact id: 'd8189067318e1dc13764eaa2132ef722') in 0.022524 seconds
Number of updated asset objects reloaded before import = 0
Number of asset objects unloaded after import = 2
========================================================================
Received Import Request.
  Time since last request: 47.672865 seconds.
  path: Assets/Jammo-Character/Textures/jammo_eyes.png
  artifactKey: Guid(09beef63c41c25b458d2f95fdfd9e0e5) Importer(815301076,1909f56bfc062723c751e8b465ee728b)
Start importing Assets/Jammo-Character/Textures/jammo_eyes.png using Guid(09beef63c41c25b458d2f95fdfd9e0e5) Importer(815301076,1909f56bfc062723c751e8b465ee728b)  -> (artifact id: '3743c4a0625103aae52227e16c5a94c5') in 0.021081 seconds
Number of updated asset objects reloaded before import = 0
Number of asset objects unloaded after import = 2
Editor requested this worker to shutdown with reason: Scaling down because of idle timeout
TcpMessagingSession - receive error: operation aborted. errorcode: 995, details: A operação de E/S foi anulada devido a uma saída de thread ou a uma requisição de aplicativo.
AssetImportWorker is now disconnected from the server
Process exiting
Exiting without the bug reporter. Application will terminate with return code 0